<?xml version="1.0" encoding="UTF-8"?>
<!-- Generated by org.testng.reporters.JUnitReportReporter -->
<testsuite hostname="DESKTOP-7EP5NVJ" failures="0" tests="1" name="SeleniumAutomation.SeleniumAutomation.AppTest" time="0.009" errors="0" timestamp="2024-05-02T08:35:34 IST" skipped="0">
  <testcase classname="SeleniumAutomation.SeleniumAutomation.AppTest" name="shouldAnswerWithTrue" time="0.009"/>
</testsuite> <!-- SeleniumAutomation.SeleniumAutomation.AppTest -->
