<?xml version="1.0" encoding="UTF-8"?>
<!-- Generated by org.testng.reporters.JUnitReportReporter -->
<testsuite hostname="DESKTOP-7EP5NVJ" failures="0" tests="2" name="com.seleniumautomation.testngconcepts.OrangeHRMTest" time="23.799" errors="0" timestamp="2024-05-03T09:28:51 IST" skipped="0">
  <testcase classname="com.seleniumautomation.testngconcepts.OrangeHRMTest" name="navigateToTime" time="11.792"/>
  <testcase classname="com.seleniumautomation.testngconcepts.OrangeHRMTest" name="navigateToPIM" time="12.007"/>
</testsuite> <!-- com.seleniumautomation.testngconcepts.OrangeHRMTest -->
