<?xml version="1.0" encoding="UTF-8"?>
<!-- Generated by org.testng.reporters.JUnitReportReporter -->
<testsuite hostname="DESKTOP-7EP5NVJ" failures="0" tests="8" name="com.seleniumautomation.testngconcepts.TestGmail" time="0.073" errors="0" timestamp="2024-05-02T08:48:16 IST" skipped="2">
  <testcase classname="com.seleniumautomation.testngconcepts.TestGmail" name="launchBrowser" time="0.040"/>
  <testcase classname="com.seleniumautomation.testngconcepts.TestGmail" name="launchURL" time="0.003"/>
  <testcase classname="com.seleniumautomation.testngconcepts.TestGmail" name="gmailLogin" time="0.007"/>
  <testcase classname="com.seleniumautomation.testngconcepts.TestGmail" name="inboxTest" time="0.005"/>
  <testcase classname="com.seleniumautomation.testngconcepts.TestGmail" name="gmailLogOut" time="0.014"/>
  <testcase classname="com.seleniumautomation.testngconcepts.TestGmail" name="closeBrowser" time="0.004"/>
  <testcase classname="com.seleniumautomation.testngconcepts.TestGmail" name="spamboxTest">
    <skipped/>
  </testcase> <!-- spamboxTest -->
  <testcase classname="com.seleniumautomation.testngconcepts.TestGmail" name="sendBoxTest">
    <skipped/>
  </testcase> <!-- sendBoxTest -->
</testsuite> <!-- com.seleniumautomation.testngconcepts.TestGmail -->
